<?xml version="1.0" encoding="UTF-8"?>
<!-- Generated by org.testng.reporters.JUnitReportReporter -->
<testsuite skipped="0" hostname="A1990-14296.local" name="test.GoogleSearchPage" tests="1" failures="0" timestamp="2023-08-26T14:05:48 EDT" time="50.189" errors="0">
  <testcase name="searchPage" time="50.189" classname="test.GoogleSearchPage"/>
  <system-out/>
</testsuite> <!-- test.GoogleSearchPage -->
